0 info it worked if it ends with ok
1 verbose cli [ 'C:\\Program Files (x86)\\Nodist\\v-x64\\10.16.3\\node.exe',
1 verbose cli   'C:\\Program Files (x86)\\Nodist\\npmv\\4.0.5\\bin\\npm-cli.js',
1 verbose cli   'start' ]
2 info using npm@4.0.5
3 info using node@v10.16.3
4 verbose run-script [ 'prestart', 'start', 'poststart' ]
5 info lifecycle tetris@1.0.0~prestart: tetris@1.0.0
6 silly lifecycle tetris@1.0.0~prestart: no script for prestart, continuing
7 info lifecycle tetris@1.0.0~start: tetris@1.0.0
8 verbose lifecycle tetris@1.0.0~start: unsafe-perm in lifecycle true
9 verbose lifecycle tetris@1.0.0~start: PATH: C:\Program Files (x86)\Nodist\npmv\4.0.5\bin\node-gyp-bin;C:\workspace\tetris\node_modules\.bin;C:\Program Files (x86)\Nodist\v-x64\10.16.3;C:\Program Files (x86)\Common Files\Oracle\Java\javapath;C:\app\yuto.takeshita\product\11.2.0\client_1;C:\app\yuto.takeshita\product\11.2.0\client_1\bin;C:\app\client\yuto.takeshita\product\12.1.0\client_1;C:\app\client\yuto.takeshita\product\12.1.0\client_1\bin;C:\ProgramData\Oracle\Java\javapath;C:\Program Files (x86)\Intel\iCLS Client\;C:\Program Files\Intel\iCLS Client\;C:\windows\system32;C:\windows;C:\windows\System32\Wbem;C:\windows\System32\WindowsPowerShell\v1.0\;C:\Program Files (x86)\Intel\Intel(R) Management Engine Components\DAL;C:\Program Files\Intel\Intel(R) Management Engine Components\DAL;C:\Program Files (x86)\Intel\Intel(R) Management Engine Components\IPT;C:\Program Files\Intel\Intel(R) Management Engine Components\IPT;C:\Users\yuto.takeshita\.dnx\bin;C:\Program Files\Microsoft DNX\Dnvm\;C:\Program Files\Microsoft SQL Server\130\Tools\Binn\;C:\Program Files (x86)\Nodist\bin;C:\Program Files\TortoiseSVN\bin;C:\Program Files (x86)\Subversion\bin;C:\Users\yuto.takeshita\AppData\Local\Android\Sdk\platform-tools;C:\MinGW\msys\1.0\bin;C:\MinGW\bin;C:\Users\yuto.takeshita\.windows-build-tools\python27\;C:\Users\yuto.takeshita\AppData\Local\atom\bin;C:\Users\yuto.takeshita\AppData\Local\Programs\Microsoft VS Code\bin;C:\Users\yuto.takeshita\AppData\Local\Programs\Python\Python37-32
10 verbose lifecycle tetris@1.0.0~start: CWD: C:\workspace\tetris
11 silly lifecycle tetris@1.0.0~start: Args: [ '/d /s /c',
11 silly lifecycle   'webpack-dev-server --config ./webpack.config.js --mode development --history-api-fallback' ]
12 silly lifecycle tetris@1.0.0~start: Returned: code: 3221225786  signal: null
13 info lifecycle tetris@1.0.0~start: Failed to exec start script
14 verbose stack Error: tetris@1.0.0 start: `webpack-dev-server --config ./webpack.config.js --mode development --history-api-fallback`
14 verbose stack Exit status 3221225786
14 verbose stack     at EventEmitter.<anonymous> (C:\Program Files (x86)\Nodist\npmv\4.0.5\lib\utils\lifecycle.js:279:16)
14 verbose stack     at EventEmitter.emit (events.js:198:13)
14 verbose stack     at ChildProcess.<anonymous> (C:\Program Files (x86)\Nodist\npmv\4.0.5\lib\utils\spawn.js:40:14)
14 verbose stack     at ChildProcess.emit (events.js:198:13)
14 verbose stack     at maybeClose (internal/child_process.js:982:16)
14 verbose stack     at Process.ChildProcess._handle.onexit (internal/child_process.js:259:5)
15 verbose pkgid tetris@1.0.0
16 verbose cwd C:\workspace\tetris
17 error Windows_NT 6.1.7601
18 error argv "C:\\Program Files (x86)\\Nodist\\v-x64\\10.16.3\\node.exe" "C:\\Program Files (x86)\\Nodist\\npmv\\4.0.5\\bin\\npm-cli.js" "start"
19 error node v10.16.3
20 error npm  v4.0.5
21 error code ELIFECYCLE
22 error tetris@1.0.0 start: `webpack-dev-server --config ./webpack.config.js --mode development --history-api-fallback`
22 error Exit status 3221225786
23 error Failed at the tetris@1.0.0 start script 'webpack-dev-server --config ./webpack.config.js --mode development --history-api-fallback'.
23 error Make sure you have the latest version of node.js and npm installed.
23 error If you do, this is most likely a problem with the tetris package,
23 error not with npm itself.
23 error Tell the author that this fails on your system:
23 error     webpack-dev-server --config ./webpack.config.js --mode development --history-api-fallback
23 error You can get information on how to open an issue for this project with:
23 error     npm bugs tetris
23 error Or if that isn't available, you can get their info via:
23 error     npm owner ls tetris
23 error There is likely additional logging output above.
24 verbose exit [ 1, true ]
